<?xml version="1.0" encoding="UTF-8"?>
<!-- Generated by org.testng.reporters.JUnitXMLReporter -->
<testsuite hostname="KISHAN" ignored="2" name="Sanity Test" tests="1" failures="0" timestamp="2022-12-11T22:00:41 GMT" time="7.935" errors="0">
  <testcase name="verifyTheUsernameErrorMessage" time="0.54" classname="com.herokuapp.sw.testsuite.LoginPageTest"/>
  <testcase name="verifyUserShouldNavigateToLoginPageSuccessfully" time="0.0" classname="com.herokuapp.sw.testsuite.LoginPageTest">
    <ignored/>
  </testcase> <!-- verifyUserShouldNavigateToLoginPageSuccessfully -->
  <testcase name="verifyThePasswordErrorMessage" time="0.0" classname="com.herokuapp.sw.testsuite.LoginPageTest">
    <ignored/>
  </testcase> <!-- verifyThePasswordErrorMessage -->
</testsuite> <!-- Sanity Test -->
